0 info it worked if it ends with ok
1 verbose cli [ '/Users/glebmikheev/.nvm/versions/node/v4.2.4/bin/node',
1 verbose cli   '/Users/glebmikheev/.nvm/versions/node/v4.2.4/bin/npm',
1 verbose cli   'publish' ]
2 info using npm@2.14.12
3 info using node@v4.2.4
4 verbose publish [ '.' ]
5 silly cache add args [ '.', null ]
6 verbose cache add spec .
7 silly cache add parsed spec Result {
7 silly cache add   raw: '.',
7 silly cache add   scope: null,
7 silly cache add   name: null,
7 silly cache add   rawSpec: '.',
7 silly cache add   spec: '/Users/glebmikheev/getviewport',
7 silly cache add   type: 'directory' }
8 verbose addLocalDirectory /Users/glebmikheev/.npm/getviewport/0.1.2/package.tgz not in flight; packing
9 verbose tar pack [ '/Users/glebmikheev/.npm/getviewport/0.1.2/package.tgz',
9 verbose tar pack   '/Users/glebmikheev/getviewport' ]
10 verbose tarball /Users/glebmikheev/.npm/getviewport/0.1.2/package.tgz
11 verbose folder /Users/glebmikheev/getviewport
12 info prepublish getviewport@0.1.2
13 verbose addLocalTarball adding from inside cache /Users/glebmikheev/.npm/getviewport/0.1.2/package.tgz
14 silly cache afterAdd getviewport@0.1.2
15 verbose afterAdd /Users/glebmikheev/.npm/getviewport/0.1.2/package/package.json not in flight; writing
16 verbose afterAdd /Users/glebmikheev/.npm/getviewport/0.1.2/package/package.json written
17 silly publish { name: 'getviewport',
17 silly publish   version: '0.1.2',
17 silly publish   description: 'getViewport() returns viewport actual size. Values cached for perfomance',
17 silly publish   keywords: [ 'browser', 'viewport', 'fps', 'optimized' ],
17 silly publish   main: 'dist/getviewport.min.js',
17 silly publish   author: { name: 'Gleb Mikheev', email: 'glebmachine@gmail.com' },
17 silly publish   license: 'MIT',
17 silly publish   repository:
17 silly publish    { type: 'git',
17 silly publish      url: 'git+https://github.com/glebmachine/getviewport.git' },
17 silly publish   bugs: { url: 'https://github.com/glebmachine/getviewport/issues' },
17 silly publish   homepage: 'https://github.com/glebmachine/getviewport',
17 silly publish   scripts: { build: 'gulp' },
17 silly publish   devDependencies: { gulp: '3.9.1', 'gulp-concat': '2.6.0', 'gulp-uglify': '1.5.3' },
17 silly publish   readme: 'getviewport\n===========\n\ngetViewport() returns viewport actual size. Values cached for perfomance\n',
17 silly publish   readmeFilename: 'README.md',
17 silly publish   gitHead: '4cdb4d1b128ca439621d88704bc70d44d53c5db6',
17 silly publish   _id: 'getviewport@0.1.2',
17 silly publish   _shasum: 'c517e6525891d9913b2014136fc9f6fd8b14be76',
17 silly publish   _from: '.' }
18 verbose getPublishConfig undefined
19 silly mapToRegistry name getviewport
20 silly mapToRegistry using default registry
21 silly mapToRegistry registry https://registry.npmjs.org/
22 silly mapToRegistry uri https://registry.npmjs.org/getviewport
23 verbose publish registryBase https://registry.npmjs.org/
24 silly publish uploading /Users/glebmikheev/.npm/getviewport/0.1.2/package.tgz
25 verbose request uri https://registry.npmjs.org/getviewport
26 verbose request sending authorization for write operation
27 info attempt registry request try #1 at 8:47:01 PM
28 verbose request using bearer token for auth
29 verbose request id a39f38440260a999
30 http request PUT https://registry.npmjs.org/getviewport
31 http 403 https://registry.npmjs.org/getviewport
32 verbose headers { 'content-type': 'application/json',
32 verbose headers   'cache-control': 'max-age=300',
32 verbose headers   'content-length': '95',
32 verbose headers   'accept-ranges': 'bytes',
32 verbose headers   date: 'Sun, 05 Jun 2016 17:47:02 GMT',
32 verbose headers   via: '1.1 varnish',
32 verbose headers   connection: 'keep-alive',
32 verbose headers   'x-served-by': 'cache-ams4144-AMS',
32 verbose headers   'x-cache': 'MISS',
32 verbose headers   'x-cache-hits': '0',
32 verbose headers   'x-timer': 'S1465148821.217923,VS0,VE1068',
32 verbose headers   vary: 'Accept-Encoding' }
33 verbose request invalidating /Users/glebmikheev/.npm/registry.npmjs.org/getviewport on PUT
34 error publish Failed PUT 403
35 verbose stack Error: "You cannot publish over the previously published version 0.1.2." : getviewport
35 verbose stack     at makeError (/Users/glebmikheev/.nvm/versions/node/v4.2.4/lib/node_modules/npm/node_modules/npm-registry-client/lib/request.js:264:12)
35 verbose stack     at CachingRegistryClient.<anonymous> (/Users/glebmikheev/.nvm/versions/node/v4.2.4/lib/node_modules/npm/node_modules/npm-registry-client/lib/request.js:252:14)
35 verbose stack     at Request._callback (/Users/glebmikheev/.nvm/versions/node/v4.2.4/lib/node_modules/npm/node_modules/npm-registry-client/lib/request.js:172:14)
35 verbose stack     at Request.self.callback (/Users/glebmikheev/.nvm/versions/node/v4.2.4/lib/node_modules/npm/node_modules/request/request.js:198:22)
35 verbose stack     at emitTwo (events.js:87:13)
35 verbose stack     at Request.emit (events.js:172:7)
35 verbose stack     at Request.<anonymous> (/Users/glebmikheev/.nvm/versions/node/v4.2.4/lib/node_modules/npm/node_modules/request/request.js:1082:10)
35 verbose stack     at emitOne (events.js:82:20)
35 verbose stack     at Request.emit (events.js:169:7)
35 verbose stack     at IncomingMessage.<anonymous> (/Users/glebmikheev/.nvm/versions/node/v4.2.4/lib/node_modules/npm/node_modules/request/request.js:1009:12)
36 verbose statusCode 403
37 verbose pkgid getviewport
38 verbose cwd /Users/glebmikheev/getviewport
39 error Darwin 15.4.0
40 error argv "/Users/glebmikheev/.nvm/versions/node/v4.2.4/bin/node" "/Users/glebmikheev/.nvm/versions/node/v4.2.4/bin/npm" "publish"
41 error node v4.2.4
42 error npm  v2.14.12
43 error code E403
44 error "You cannot publish over the previously published version 0.1.2." : getviewport
45 error If you need help, you may report this error at:
45 error     <https://github.com/npm/npm/issues>
46 verbose exit [ 1, true ]
